Exception in thread "AWT-EventQueue-0" java.lang.NoClassDefFoundError: org/springframework/core/io/Resource
	at java.lang.Class.forName0(Native Method)
	at java.lang.Class.forName(Unknown Source)
	at net.sf.jasperreports.engine.util.JRClassLoader.loadClassForRealName(JRClassLoader.java:157)
	at net.sf.jasperreports.engine.util.JRClassLoader.loadClassForName(JRClassLoader.java:115)
	at net.sf.jasperreports.engine.util.ClassUtils.instantiateClass(ClassUtils.java:53)
	at net.sf.jasperreports.extensions.DefaultExtensionsRegistry.instantiateRegistry(DefaultExtensionsRegistry.java:237)
	at net.sf.jasperreports.extensions.DefaultExtensionsRegistry.loadRegistries(DefaultExtensionsRegistry.java:214)
	at net.sf.jasperreports.extensions.DefaultExtensionsRegistry.loadRegistries(DefaultExtensionsRegistry.java:162)
	at net.sf.jasperreports.extensions.DefaultExtensionsRegistry.getRegistries(DefaultExtensionsRegistry.java:133)
	at net.sf.jasperreports.extensions.DefaultExtensionsRegistry.getExtensions(DefaultExtensionsRegistry.java:105)
	at net.sf.jasperreports.engine.DefaultJasperReportsContext.getExtensions(DefaultJasperReportsContext.java:246)
	at net.sf.jasperreports.engine.component.ComponentsEnvironment.findBundles(ComponentsEnvironment.java:119)
	at net.sf.jasperreports.engine.component.ComponentsEnvironment.getCachedBundles(ComponentsEnvironment.java:109)
	at net.sf.jasperreports.engine.component.ComponentsEnvironment.getBundles(ComponentsEnvironment.java:97)
	at net.sf.jasperreports.engine.component.ComponentsEnvironment.getComponentBundles(ComponentsEnvironment.java:179)
	at net.sf.jasperreports.engine.xml.JRReportSaxParserFactory.getSchemaLocations(JRReportSaxParserFactory.java:84)
	at net.sf.jasperreports.engine.xml.BaseSaxParserFactory.configureParser(BaseSaxParserFactory.java:131)
	at net.sf.jasperreports.engine.xml.BaseSaxParserFactory.createParser(BaseSaxParserFactory.java:94)
	at net.sf.jasperreports.engine.xml.JRXmlDigesterFactory.createParser(JRXmlDigesterFactory.java:1419)
	at net.sf.jasperreports.engine.xml.JRXmlDigesterFactory.createDigester(JRXmlDigesterFactory.java:1395)
	at net.sf.jasperreports.engine.xml.JRXmlLoader.load(JRXmlLoader.java:207)
	at net.sf.jasperreports.engine.xml.JRXmlLoader.load(JRXmlLoader.java:172)
	at net.sf.jasperreports.engine.xml.JRXmlLoader.load(JRXmlLoader.java:156)
	at net.sf.jasperreports.engine.JasperCompileManager.compile(JasperCompileManager.java:171)
	at net.sf.jasperreports.engine.JasperCompileManager.compileReport(JasperCompileManager.java:448)
	at flush.dry.cleaning.service.Payment.Pay_Report(Payment.java:1019)
	at flush.dry.cleaning.service.Payment.ReportActionPerformed(Payment.java:898)
	at flush.dry.cleaning.service.Payment.access$900(Payment.java:33)
	at flush.dry.cleaning.service.Payment$10.actionPerformed(Payment.java:291)
	at javax.swing.AbstractButton.fireActionPerformed(Unknown Source)
	at javax.swing.AbstractButton$Handler.actionPerformed(Unknown Source)
	at javax.swing.DefaultButtonModel.fireActionPerformed(Unknown Source)
	at javax.swing.DefaultButtonModel.setPressed(Unknown Source)
	at javax.swing.plaf.basic.BasicButtonListener.mouseReleased(Unknown Source)
	at java.awt.Component.processMouseEvent(Unknown Source)
	at javax.swing.JComponent.processMouseEvent(Unknown Source)
	at java.awt.Component.processEvent(Unknown Source)
	at java.awt.Container.processEvent(Unknown Source)
	at java.awt.Component.dispatchEventImpl(Unknown Source)
	at java.awt.Container.dispatchEventImpl(Unknown Source)
	at java.awt.Component.dispatchEvent(Unknown Source)
	at java.awt.LightweightDispatcher.retargetMouseEvent(Unknown Source)
	at java.awt.LightweightDispatcher.processMouseEvent(Unknown Source)
	at java.awt.LightweightDispatcher.dispatchEvent(Unknown Source)
	at java.awt.Container.dispatchEventImpl(Unknown Source)
	at java.awt.Window.dispatchEventImpl(Unknown Source)
	at java.awt.Component.dispatchEvent(Unknown Source)
	at java.awt.EventQueue.dispatchEventImpl(Unknown Source)
	at java.awt.EventQueue.access$200(Unknown Source)
	at java.awt.EventQueue$3.run(Unknown Source)
	at java.awt.EventQueue$3.run(Unknown Source)
	at java.security.AccessController.doPrivileged(Native Method)
	at java.security.ProtectionDomain$1.doIntersectionPrivilege(Unknown Source)
	at java.security.ProtectionDomain$1.doIntersectionPrivilege(Unknown Source)
	at java.awt.EventQueue$4.run(Unknown Source)
	at java.awt.EventQueue$4.run(Unknown Source)
	at java.security.AccessController.doPrivileged(Native Method)
	at java.security.ProtectionDomain$1.doIntersectionPrivilege(Unknown Source)
	at java.awt.EventQueue.dispatchEvent(Unknown Source)
	at java.awt.EventDispatchThread.pumpOneEventForFilters(Unknown Source)
	at java.awt.EventDispatchThread.pumpEventsForFilter(Unknown Source)
	at java.awt.EventDispatchThread.pumpEventsForHierarchy(Unknown Source)
	at java.awt.EventDispatchThread.pumpEvents(Unknown Source)
	at java.awt.EventDispatchThread.pumpEvents(Unknown Source)
	at java.awt.EventDispatchThread.run(Unknown Source)
Caused by: java.lang.ClassNotFoundException: org.springframework.core.io.Resource
	at java.net.URLClassLoader$1.run(Unknown Source)
	at java.net.URLClassLoader$1.run(Unknown Source)
	at java.security.AccessController.doPrivileged(Native Method)
	at java.net.URLClassLoader.findClass(Unknown Source)
	at java.lang.ClassLoader.loadClass(Unknown Source)
	at sun.misc.Launcher$AppClassLoader.loadClass(Unknown Source)
	at java.lang.ClassLoader.loadClass(Unknown Source)
	... 65 more
Exception in thread "AWT-EventQueue-0" java.lang.NoClassDefFoundError: org/springframework/core/io/Resource
	at java.lang.Class.forName0(Native Method)
	at java.lang.Class.forName(Unknown Source)
	at net.sf.jasperreports.engine.util.JRClassLoader.loadClassForRealName(JRClassLoader.java:157)
	at net.sf.jasperreports.engine.util.JRClassLoader.loadClassForName(JRClassLoader.java:115)
	at net.sf.jasperreports.engine.util.ClassUtils.instantiateClass(ClassUtils.java:53)
	at net.sf.jasperreports.extensions.DefaultExtensionsRegistry.instantiateRegistry(DefaultExtensionsRegistry.java:237)
	at net.sf.jasperreports.extensions.DefaultExtensionsRegistry.loadRegistries(DefaultExtensionsRegistry.java:214)
	at net.sf.jasperreports.extensions.DefaultExtensionsRegistry.loadRegistries(DefaultExtensionsRegistry.java:162)
	at net.sf.jasperreports.extensions.DefaultExtensionsRegistry.getRegistries(DefaultExtensionsRegistry.java:133)
	at net.sf.jasperreports.extensions.DefaultExtensionsRegistry.getExtensions(DefaultExtensionsRegistry.java:105)
	at net.sf.jasperreports.engine.DefaultJasperReportsContext.getExtensions(DefaultJasperReportsContext.java:246)
	at net.sf.jasperreports.engine.component.ComponentsEnvironment.findBundles(ComponentsEnvironment.java:119)
	at net.sf.jasperreports.engine.component.ComponentsEnvironment.getCachedBundles(ComponentsEnvironment.java:109)
	at net.sf.jasperreports.engine.component.ComponentsEnvironment.getBundles(ComponentsEnvironment.java:97)
	at net.sf.jasperreports.engine.component.ComponentsEnvironment.getComponentBundles(ComponentsEnvironment.java:179)
	at net.sf.jasperreports.engine.xml.JRReportSaxParserFactory.getSchemaLocations(JRReportSaxParserFactory.java:84)
	at net.sf.jasperreports.engine.xml.BaseSaxParserFactory.configureParser(BaseSaxParserFactory.java:131)
	at net.sf.jasperreports.engine.xml.BaseSaxParserFactory.createParser(BaseSaxParserFactory.java:94)
	at net.sf.jasperreports.engine.xml.JRXmlDigesterFactory.createParser(JRXmlDigesterFactory.java:1419)
	at net.sf.jasperreports.engine.xml.JRXmlDigesterFactory.createDigester(JRXmlDigesterFactory.java:1395)
	at net.sf.jasperreports.engine.xml.JRXmlLoader.load(JRXmlLoader.java:207)
	at net.sf.jasperreports.engine.xml.JRXmlLoader.load(JRXmlLoader.java:172)
	at net.sf.jasperreports.engine.xml.JRXmlLoader.load(JRXmlLoader.java:156)
	at net.sf.jasperreports.engine.JasperCompileManager.compile(JasperCompileManager.java:171)
	at net.sf.jasperreports.engine.JasperCompileManager.compileReport(JasperCompileManager.java:448)
	at flush.dry.cleaning.service.ViewFeeback.Feedback_Report(ViewFeeback.java:229)
	at flush.dry.cleaning.service.ViewFeeback.jButton1ActionPerformed(ViewFeeback.java:214)
	at flush.dry.cleaning.service.ViewFeeback.access$000(ViewFeeback.java:28)
	at flush.dry.cleaning.service.ViewFeeback$1.actionPerformed(ViewFeeback.java:126)
	at javax.swing.AbstractButton.fireActionPerformed(Unknown Source)
	at javax.swing.AbstractButton$Handler.actionPerformed(Unknown Source)
	at javax.swing.DefaultButtonModel.fireActionPerformed(Unknown Source)
	at javax.swing.DefaultButtonModel.setPressed(Unknown Source)
	at javax.swing.plaf.basic.BasicButtonListener.mouseReleased(Unknown Source)
	at java.awt.Component.processMouseEvent(Unknown Source)
	at javax.swing.JComponent.processMouseEvent(Unknown Source)
	at java.awt.Component.processEvent(Unknown Source)
	at java.awt.Container.processEvent(Unknown Source)
	at java.awt.Component.dispatchEventImpl(Unknown Source)
	at java.awt.Container.dispatchEventImpl(Unknown Source)
	at java.awt.Component.dispatchEvent(Unknown Source)
	at java.awt.LightweightDispatcher.retargetMouseEvent(Unknown Source)
	at java.awt.LightweightDispatcher.processMouseEvent(Unknown Source)
	at java.awt.LightweightDispatcher.dispatchEvent(Unknown Source)
	at java.awt.Container.dispatchEventImpl(Unknown Source)
	at java.awt.Window.dispatchEventImpl(Unknown Source)
	at java.awt.Component.dispatchEvent(Unknown Source)
	at java.awt.EventQueue.dispatchEventImpl(Unknown Source)
	at java.awt.EventQueue.access$200(Unknown Source)
	at java.awt.EventQueue$3.run(Unknown Source)
	at java.awt.EventQueue$3.run(Unknown Source)
	at java.security.AccessController.doPrivileged(Native Method)
	at java.security.ProtectionDomain$1.doIntersectionPrivilege(Unknown Source)
	at java.security.ProtectionDomain$1.doIntersectionPrivilege(Unknown Source)
	at java.awt.EventQueue$4.run(Unknown Source)
	at java.awt.EventQueue$4.run(Unknown Source)
	at java.security.AccessController.doPrivileged(Native Method)
	at java.security.ProtectionDomain$1.doIntersectionPrivilege(Unknown Source)
	at java.awt.EventQueue.dispatchEvent(Unknown Source)
	at java.awt.EventDispatchThread.pumpOneEventForFilters(Unknown Source)
	at java.awt.EventDispatchThread.pumpEventsForFilter(Unknown Source)
	at java.awt.EventDispatchThread.pumpEventsForHierarchy(Unknown Source)
	at java.awt.EventDispatchThread.pumpEvents(Unknown Source)
	at java.awt.EventDispatchThread.pumpEvents(Unknown Source)
	at java.awt.EventDispatchThread.run(Unknown Source)
Caused by: java.lang.ClassNotFoundException: org.springframework.core.io.Resource
	at java.net.URLClassLoader$1.run(Unknown Source)
	at java.net.URLClassLoader$1.run(Unknown Source)
	at java.security.AccessController.doPrivileged(Native Method)
	at java.net.URLClassLoader.findClass(Unknown Source)
	at java.lang.ClassLoader.loadClass(Unknown Source)
	at sun.misc.Launcher$AppClassLoader.loadClass(Unknown Source)
	at java.lang.ClassLoader.loadClass(Unknown Source)
	... 65 more
